TN:
SF:constants/errors.js
FNF:0
FNH:0
DA:1,1
DA:2,1
DA:3,1
DA:4,1
DA:5,1
DA:6,1
DA:7,1
DA:8,1
DA:9,1
DA:10,1
DA:11,1
DA:12,1
DA:13,1
DA:14,1
LF:14
LH:14
BRF:0
BRH:0
end_of_record
TN:
SF:services/orderService.js
FN:5,getAll
FN:13,getLastDayOrders
FN:30,addOrder
FNF:3
FNH:1
FNDA:0,getAll
FNDA:0,getLastDayOrders
FNDA:2,addOrder
DA:1,1
DA:2,1
DA:3,1
DA:4,1
DA:5,1
DA:6,0
DA:7,0
DA:8,0
DA:9,0
DA:10,0
DA:11,0
DA:12,1
DA:13,1
DA:14,0
DA:15,0
DA:16,0
DA:17,0
DA:18,0
DA:19,0
DA:20,0
DA:21,0
DA:22,0
DA:23,0
DA:24,0
DA:25,0
DA:26,0
DA:27,0
DA:28,0
DA:29,1
DA:30,1
DA:31,2
DA:32,2
DA:33,2
DA:34,2
DA:35,2
DA:36,2
DA:37,0
DA:38,0
DA:39,2
DA:40,1
DA:41,1
LF:41
LH:18
BRDA:30,0,0,2
BRDA:36,1,0,0
BRDA:33,2,0,4
BRF:3
BRH:2
end_of_record
